<?xml version="1.0" encoding="UTF-8"?>
<testsuite name="worldofsweets.BoardTest" tests="6" skipped="0" failures="0" errors="0" timestamp="2017-11-30T00:29:06" hostname="Randy" time="0.014">
  <properties/>
  <testcase name="testCheckSkipMove" classname="worldofsweets.BoardTest" time="0.012"/>
  <testcase name="testCheckWinner" classname="worldofsweets.BoardTest" time="0.0"/>
  <testcase name="testAddPlayer" classname="worldofsweets.BoardTest" time="0.0"/>
  <testcase name="testMoveCard1" classname="worldofsweets.BoardTest" time="0.0"/>
  <testcase name="testMoveCard2" classname="worldofsweets.BoardTest" time="0.001"/>
  <testcase name="testMovePlayer" classname="worldofsweets.BoardTest" time="0.0"/>
  <system-out><![CDATA[]]></system-out>
  <system-err><![CDATA[]]></system-err>
</testsuite>
